1) Merge sort - 6069628 Nanoseconds
2) Quick sort - 7510299 Nanoseconds
3) Shell sort - 9678731 Nanoseconds
4) Insertion sort - 54918461 Nanoseconds
5) Selection sort - 159471468 Nanoseconds
6) Shuttle sort - 175542792 Nanoseconds
7) Bubble sort - 303422313 Nanoseconds


1) Merge sort - 6069628 Nanoseconds
2) Quick sort - 7510299 Nanoseconds
3) Shell sort - 9678731 Nanoseconds
4) Insertion sort - 54918461 Nanoseconds
5) Selection sort - 159471468 Nanoseconds
6) Shuttle sort - 175542792 Nanoseconds
7) Bubble sort - 303422313 Nanoseconds


1) Merge sort - 6069628 Nanoseconds
2) Quick sort - 7510299 Nanoseconds
3) Shell sort - 9678731 Nanoseconds
4) Insertion sort - 54918461 Nanoseconds
5) Selection sort - 159471468 Nanoseconds
6) Shuttle sort - 175542792 Nanoseconds
7) Bubble sort - 303422313 Nanoseconds


1) Merge sort - 6069628 Nanoseconds
2) Quick sort - 7510299 Nanoseconds
3) Shell sort - 9678731 Nanoseconds
4) Insertion sort - 54918461 Nanoseconds
5) Selection sort - 159471468 Nanoseconds
6) Shuttle sort - 175542792 Nanoseconds
7) Bubble sort - 303422313 Nanoseconds


1) Merge sort - 6069628 Nanoseconds
2) Quick sort - 7510299 Nanoseconds
3) Shell sort - 9678731 Nanoseconds
4) Insertion sort - 54918461 Nanoseconds
5) Selection sort - 159471468 Nanoseconds
6) Shuttle sort - 175542792 Nanoseconds
7) Bubble sort - 303422313 Nanoseconds


1) Merge sort - 6069628 Nanoseconds
2) Quick sort - 7510299 Nanoseconds
3) Shell sort - 9678731 Nanoseconds
4) Insertion sort - 54918461 Nanoseconds
5) Selection sort - 159471468 Nanoseconds
6) Shuttle sort - 175542792 Nanoseconds
7) Bubble sort - 303422313 Nanoseconds


1) Merge sort - 6069628 Nanoseconds
2) Quick sort - 7510299 Nanoseconds
3) Shell sort - 9678731 Nanoseconds
4) Insertion sort - 54918461 Nanoseconds
5) Selection sort - 159471468 Nanoseconds
6) Shuttle sort - 175542792 Nanoseconds
7) Bubble sort - 303422313 Nanoseconds


1) Merge sort - 6069628 Nanoseconds
2) Quick sort - 7510299 Nanoseconds
3) Shell sort - 9678731 Nanoseconds
4) Insertion sort - 54918461 Nanoseconds
5) Selection sort - 159471468 Nanoseconds
6) Shuttle sort - 175542792 Nanoseconds
7) Bubble sort - 303422313 Nanoseconds


1) Merge sort - 6069628 Nanoseconds
2) Quick sort - 7510299 Nanoseconds
3) Shell sort - 9678731 Nanoseconds
4) Insertion sort - 54918461 Nanoseconds
5) Selection sort - 159471468 Nanoseconds
6) Shuttle sort - 175542792 Nanoseconds
7) Bubble sort - 303422313 Nanoseconds


1) Merge sort - 6069628 Nanoseconds
2) Quick sort - 7510299 Nanoseconds
3) Shell sort - 9678731 Nanoseconds
4) Insertion sort - 54918461 Nanoseconds
5) Selection sort - 159471468 Nanoseconds
6) Shuttle sort - 175542792 Nanoseconds
7) Bubble sort - 303422313 Nanoseconds


